06.11.2020 00:34:25.639 [main] INFO   n.s.AddPatientServlet - Execute doGet method in AddPatientServlet
06.11.2020 00:34:25.686 [main] INFO   n.s.AddDoctorServlet - Execute doGet method in AddDoctorServlet
06.11.2020 00:34:25.702 [main] INFO   n.s.AddAppointmentServlet - Execute doGet method in AddAppointmentServlet
06.11.2020 00:34:25.702 [main] INFO   n.s.AddReceptionistServlet - Execute doGet method in AddReceptionistServlet
06.11.2020 00:34:42.951 [http-bio-8080-exec-8] INFO   n.s.LoginServlet - Execute doGet method in LoginServlet
06.11.2020 00:34:46.624 [http-bio-8080-exec-8] INFO   n.s.LoginServlet - Execute doPost method in LoginServlet
06.11.2020 00:34:47.131 [http-bio-8080-exec-8] INFO   nix.dao.UserDao - UserDao.java:  method login is executed
06.11.2020 00:34:50.929 [http-bio-8080-exec-8] INFO   n.s.AppointmentListServlet - Execute doGet method in AppointmentListServlet
06.11.2020 00:34:50.991 [http-bio-8080-exec-8] INFO   n.dao.AppointmentDao - AppointmentDao.java:  method findAll is executed
06.11.2020 00:34:51.070 [http-bio-8080-exec-8] INFO   nix.dao.UserDao - UserDao.java:  method findById is executed
06.11.2020 00:34:51.101 [http-bio-8080-exec-8] INFO   nix.dao.PatientDao - PatientDao.java:  method findById is executed
06.11.2020 00:34:51.101 [http-bio-8080-exec-8] INFO   nix.dao.UserDao - UserDao.java:  method findById is executed
06.11.2020 00:34:51.116 [http-bio-8080-exec-8] INFO   nix.dao.PatientDao - PatientDao.java:  method findById is executed
06.11.2020 00:34:51.116 [http-bio-8080-exec-8] INFO   nix.dao.UserDao - UserDao.java:  method findById is executed
06.11.2020 00:34:51.132 [http-bio-8080-exec-8] INFO   nix.dao.PatientDao - PatientDao.java:  method findById is executed
06.11.2020 00:34:51.132 [http-bio-8080-exec-8] INFO   nix.dao.UserDao - UserDao.java:  method findById is executed
06.11.2020 00:34:51.148 [http-bio-8080-exec-8] INFO   nix.dao.PatientDao - PatientDao.java:  method findById is executed
06.11.2020 00:34:51.491 [http-bio-8080-exec-10] INFO   n.s.AppointmentListServlet - Execute doGet method in AppointmentListServlet
06.11.2020 00:34:51.491 [http-bio-8080-exec-10] INFO   n.dao.AppointmentDao - AppointmentDao.java:  method findAll is executed
06.11.2020 00:34:51.507 [http-bio-8080-exec-10] INFO   nix.dao.UserDao - UserDao.java:  method findById is executed
06.11.2020 00:34:51.507 [http-bio-8080-exec-10] INFO   nix.dao.PatientDao - PatientDao.java:  method findById is executed
06.11.2020 00:34:51.523 [http-bio-8080-exec-10] INFO   nix.dao.UserDao - UserDao.java:  method findById is executed
06.11.2020 00:34:51.523 [http-bio-8080-exec-10] INFO   nix.dao.PatientDao - PatientDao.java:  method findById is executed
06.11.2020 00:34:51.538 [http-bio-8080-exec-10] INFO   nix.dao.UserDao - UserDao.java:  method findById is executed
06.11.2020 00:34:51.538 [http-bio-8080-exec-10] INFO   nix.dao.PatientDao - PatientDao.java:  method findById is executed
06.11.2020 00:34:51.538 [http-bio-8080-exec-10] INFO   nix.dao.UserDao - UserDao.java:  method findById is executed
06.11.2020 00:34:51.554 [http-bio-8080-exec-10] INFO   nix.dao.PatientDao - PatientDao.java:  method findById is executed
06.11.2020 00:34:54.001 [http-bio-8080-exec-10] INFO   n.s.PatientListServlet - Execute doGet method in PatientListServlet
06.11.2020 00:34:54.016 [http-bio-8080-exec-10] INFO   nix.dao.PatientDao - PatientDao.java:  method findAll is executed
06.11.2020 00:34:58.908 [http-bio-8080-exec-10] INFO   n.s.MyProfileServlet - Execute doGet method in ProfileServlet
06.11.2020 00:34:58.924 [http-bio-8080-exec-10] INFO   nix.dao.UserDao - UserDao.java:  method login is executed
06.11.2020 00:35:12.426 [http-bio-8080-exec-10] INFO   n.s.LogoutServlet - Execute doGet method in LogoutServlet
